<?xml version="1.0" encoding="UTF-8"?>
<testng-results skipped="0" failed="0" total="1" passed="1">
  <reporter-output>
  </reporter-output>
  <suite name="Default suite" duration-ms="16" started-at="2020-03-15T12:16:19Z" finished-at="2020-03-15T12:16:19Z">
    <groups>
    </groups>
    <test name="Default test" duration-ms="16" started-at="2020-03-15T12:16:19Z" finished-at="2020-03-15T12:16:19Z">
      <class name="TestCase.SeleniumTest">
        <test-method status="PASS" signature="instaniate()[pri:0, instance:TestCase.SeleniumTest@234bef66]" name="instaniate" is-config="true" duration-ms="5" started-at="2020-03-15T17:46:19Z" finished-at="2020-03-15T17:46:19Z">
          <reporter-output>
          </reporter-output>
        </test-method> <!-- instaniate -->
        <test-method status="PASS" signature="test()[pri:0, instance:TestCase.SeleniumTest@234bef66]" name="test" duration-ms="4" started-at="2020-03-15T17:46:19Z" finished-at="2020-03-15T17:46:19Z">
          <reporter-output>
          </reporter-output>
        </test-method> <!-- test -->
      </class> <!-- TestCase.SeleniumTest -->
    </test> <!-- Default test -->
  </suite> <!-- Default suite -->
</testng-results>
